<?xml version="1.0" encoding="UTF-8"?>
<testng-results ignored="0" total="2" passed="2" failed="0" skipped="0">
  <reporter-output>
  </reporter-output>
  <suite started-at="2024-01-29T16:22:17 IST" name="Default suite" finished-at="2024-01-29T16:22:58 IST" duration-ms="40946">
    <groups>
      <group name="sanity">
        <method signature="Project.testHoverAndClick()[pri:2, instance:provider.Project@2e6a8155]" name="testHoverAndClick" class="provider.Project"/>
        <method signature="Project.testHoverAndClick1()[pri:1, instance:provider.Project@2e6a8155]" name="testHoverAndClick1" class="provider.Project"/>
      </group> <!-- sanity -->
    </groups>
    <test started-at="2024-01-29T16:22:17 IST" name="Default test" finished-at="2024-01-29T16:22:58 IST" duration-ms="40946">
      <class name="provider.Project">
        <test-method is-config="true" signature="extent()[pri:0, instance:provider.Project@2e6a8155]" started-at="2024-01-29T16:22:17 IST" name="extent" finished-at="2024-01-29T16:22:17 IST" duration-ms="299" status="PASS">
          <reporter-output>
          </reporter-output>
        </test-method> <!-- extent -->
        <test-method is-config="true" signature="setup()[pri:0, instance:provider.Project@2e6a8155]" started-at="2024-01-29T16:22:17 IST" name="setup" finished-at="2024-01-29T16:22:25 IST" duration-ms="7811" status="PASS">
          <reporter-output>
          </reporter-output>
        </test-method> <!-- setup -->
        <test-method signature="testHoverAndClick1()[pri:1, instance:provider.Project@2e6a8155]" started-at="2024-01-29T16:22:25 IST" name="testHoverAndClick1" finished-at="2024-01-29T16:22:35 IST" duration-ms="9767" status="PASS">
          <reporter-output>
          </reporter-output>
        </test-method> <!-- testHoverAndClick1 -->
        <test-method is-config="true" signature="last()[pri:0, instance:provider.Project@2e6a8155]" started-at="2024-01-29T16:22:35 IST" name="last" finished-at="2024-01-29T16:22:35 IST" duration-ms="301" status="PASS">
          <reporter-output>
          </reporter-output>
        </test-method> <!-- last -->
        <test-method is-config="true" signature="setup()[pri:0, instance:provider.Project@2e6a8155]" started-at="2024-01-29T16:22:35 IST" name="setup" finished-at="2024-01-29T16:22:41 IST" duration-ms="5548" status="PASS">
          <reporter-output>
          </reporter-output>
        </test-method> <!-- setup -->
        <test-method signature="testHoverAndClick()[pri:2, instance:provider.Project@2e6a8155]" started-at="2024-01-29T16:22:41 IST" name="testHoverAndClick" finished-at="2024-01-29T16:22:57 IST" duration-ms="16461" status="PASS">
          <reporter-output>
          </reporter-output>
        </test-method> <!-- testHoverAndClick -->
        <test-method is-config="true" signature="last()[pri:0, instance:provider.Project@2e6a8155]" started-at="2024-01-29T16:22:57 IST" name="last" finished-at="2024-01-29T16:22:58 IST" duration-ms="271" status="PASS">
          <reporter-output>
          </reporter-output>
        </test-method> <!-- last -->
        <test-method is-config="true" signature="end()[pri:0, instance:provider.Project@2e6a8155]" started-at="2024-01-29T16:22:58 IST" name="end" finished-at="2024-01-29T16:22:58 IST" duration-ms="437" status="PASS">
          <reporter-output>
          </reporter-output>
        </test-method> <!-- end -->
      </class> <!-- provider.Project -->
    </test> <!-- Default test -->
  </suite> <!-- Default suite -->
</testng-results>
